{
  "RSpec": {
    "coverage": {
      "/Users/catherineyoung/Projects/oystercard/spec/oystercard_spec.rb": {
        "lines": [
          null,
          null,
          1,
          null,
          1,
          6,
          4,
          1,
          1,
          4,
          null,
          1,
          1,
          2,
          null,
          null,
          1,
          1,
          1,
          null,
          1,
          2,
          null,
          1,
          1,
          null,
          null,
          1,
          1,
          6,
          null,
          1,
          1,
          null,
          1,
          1,
          1,
          null,
          1,
          1,
          1,
          null,
          1,
          1,
          1,
          1,
          null,
          1,
          1,
          4,
          null,
          1,
          1,
          1,
          1,
          null,
          null,
          null
        ]
      },
      "/Users/catherineyoung/Projects/oystercard/lib/oystercard.rb": {
        "lines": [
          null,
          null,
          null,
          1,
          1,
          1,
          1,
          1,
          null,
          1,
          11,
          11,
          null,
          null,
          1,
          null,
          8,
          null,
          7,
          null,
          null,
          1,
          5,
          null,
          4,
          4,
          null,
          null,
          1,
          3,
          3,
          3,
          null,
          null,
          1,
          3,
          null,
          null,
          1,
          null,
          1,
          3,
          null,
          null
        ]
      }
    },
    "timestamp": 1635500583
  }
}
